<?xml version="1.0" encoding="UTF-8"?>
<!-- Generated by org.testng.reporters.JUnitXMLReporter -->
<testsuite hostname="DESKTOP-S5NJFC7" ignored="0" name="Test" tests="3" failures="0" timestamp="2020-03-30T19:01:59 LINT" time="65.392" errors="0">
  <testcase name="loginToWordpress" time="23.878" classname="cts.miniproject.test.DdWordpressLogin1"/>
  <testcase name="loginToWordpress" time="20.279" classname="cts.miniproject.test.DdWordpressLogin1"/>
  <testcase name="loginToWordpress" time="17.837" classname="cts.miniproject.test.DdWordpressLogin1"/>
</testsuite> <!-- Test -->
