<?xml version="1.0" encoding="UTF-8"?>
<testng-results skipped="0" failed="0" ignored="0" total="3" passed="3">
  <reporter-output>
  </reporter-output>
  <suite name="Suite" duration-ms="65392" started-at="2020-03-30T19:00:53 LINT" finished-at="2020-03-30T19:01:58 LINT">
    <groups>
    </groups>
    <test name="Test" duration-ms="65392" started-at="2020-03-30T19:00:53 LINT" finished-at="2020-03-30T19:01:58 LINT">
      <class name="cts.miniproject.test.DdWordpressLogin1">
        <test-method status="PASS" signature="loginToWordpress(java.lang.String, java.lang.String)[pri:0, instance:cts.miniproject.test.DdWordpressLogin1@e320068]" name="loginToWordpress" duration-ms="23878" started-at="2020-03-30T19:00:53 LINT" data-provider="wordpress" finished-at="2020-03-30T19:01:17 LINT">
          <params>
            <param index="0">
              <value>
                <![CDATA[admin]]>
              </value>
            </param>
            <param index="1">
              <value>
                <![CDATA[demo123]]>
              </value>
            </param>
          </params>
          <reporter-output>
          </reporter-output>
        </test-method> <!-- loginToWordpress -->
        <test-method status="PASS" signature="tearDown()[pri:0, instance:cts.miniproject.test.DdWordpressLogin1@e320068]" name="tearDown" is-config="true" duration-ms="948" started-at="2020-03-30T19:01:17 LINT" finished-at="2020-03-30T19:01:18 LINT">
          <reporter-output>
          </reporter-output>
        </test-method> <!-- tearDown -->
        <test-method status="PASS" signature="loginToWordpress(java.lang.String, java.lang.String)[pri:0, instance:cts.miniproject.test.DdWordpressLogin1@e320068]" name="loginToWordpress" duration-ms="20279" started-at="2020-03-30T19:01:18 LINT" data-provider="wordpress" finished-at="2020-03-30T19:01:38 LINT">
          <params>
            <param index="0">
              <value>
                <![CDATA[admin]]>
              </value>
            </param>
            <param index="1">
              <value>
                <![CDATA[demo123]]>
              </value>
            </param>
          </params>
          <reporter-output>
          </reporter-output>
        </test-method> <!-- loginToWordpress -->
        <test-method status="PASS" signature="tearDown()[pri:0, instance:cts.miniproject.test.DdWordpressLogin1@e320068]" name="tearDown" is-config="true" duration-ms="1418" started-at="2020-03-30T19:01:38 LINT" finished-at="2020-03-30T19:01:40 LINT">
          <reporter-output>
          </reporter-output>
        </test-method> <!-- tearDown -->
        <test-method status="PASS" signature="loginToWordpress(java.lang.String, java.lang.String)[pri:0, instance:cts.miniproject.test.DdWordpressLogin1@e320068]" name="loginToWordpress" duration-ms="17837" started-at="2020-03-30T19:01:40 LINT" data-provider="wordpress" finished-at="2020-03-30T19:01:57 LINT">
          <params>
            <param index="0">
              <value>
                <![CDATA[admin]]>
              </value>
            </param>
            <param index="1">
              <value>
                <![CDATA[demo123]]>
              </value>
            </param>
          </params>
          <reporter-output>
          </reporter-output>
        </test-method> <!-- loginToWordpress -->
        <test-method status="PASS" signature="tearDown()[pri:0, instance:cts.miniproject.test.DdWordpressLogin1@e320068]" name="tearDown" is-config="true" duration-ms="911" started-at="2020-03-30T19:01:57 LINT" finished-at="2020-03-30T19:01:58 LINT">
          <reporter-output>
          </reporter-output>
        </test-method> <!-- tearDown -->
      </class> <!-- cts.miniproject.test.DdWordpressLogin1 -->
    </test> <!-- Test -->
  </suite> <!-- Suite -->
</testng-results>
